THREE ADDRESS CODE (TAC):
		
		0   : linearSearch: 
		1   :    t0 = 1
		2   :    t1 = -t0
		3   :    ind = t1
		
		4   : linearSearch.FOR$0: 
		5   :    t0 = 0
		6   :    i = t0
		7   :    if i < n goto 12
		8   :    goto 21
		9   :    t1 = i
		10  :    i = i + 1
		11  :    goto 7
		12  :    t2 = i * 4
		13  :    t3 = arr[t2]
		14  :    if t3 == key goto 17
		15  :    goto 9
		16  :    goto 20
		
		17  : linearSearch.FOR$0.FOR$1: 
		18  :    ind = i
		19  :    goto 9
		20  :    goto 9
		21  :    return ind
		
		22  : main: 
		23  :    t0 = 2.3
		24  :    f = t0
		25  :    t1 = 1
		26  :    t2 = 2
		27  :    t3 = 3
		28  :    t4 = 4
		29  :    t5 = 5
		30  :    arr = arr
		31  :    param t6
		32  :    param arr
		33  :    t7 = 5
		34  :    param t7
		35  :    t8 = 3
		36  :    param t8
		37  :    t9 = call linearSearch, 3
		38  :    param t9
		39  :    t10 = call printf, 2
		40  :    t11 = 0
		41  :    return t11

------------------------------------------------------------------------------------------------------------------------------------------------------
		Symbol Table: Global                                            Parent Table: NULL                                              
		Name                     Type                     Initial Value       Size           Offset         Nested
------------------------------------------------------------------------------------------------------------------------------------------------------
		linearSearch             int                      -                   4              0              linearSearch
		main                     int                      -                   4              4              main
------------------------------------------------------------------------------------------------------------------------------------------------------

------------------------------------------------------------------------------------------------------------------------------------------------------
		Symbol Table: linearSearch                                      Parent Table: Global                                            
		Name                     Type                     Initial Value       Size           Offset         Nested
------------------------------------------------------------------------------------------------------------------------------------------------------
		arr                      ptr(int)                 -                   4              0              NULL
		n                        int                      -                   4              4              NULL
		key                      int                      -                   4              8              NULL
		return                   int                      -                   4              12             NULL
		ind                      int                      -                   4              16             NULL
		t0                       int                      1                   4              20             NULL
		t1                       int                      -                   4              24             NULL
		linearSearch.FOR$0       block                    -                   4              28             linearSearch.FOR$0
------------------------------------------------------------------------------------------------------------------------------------------------------

------------------------------------------------------------------------------------------------------------------------------------------------------
		Symbol Table: linearSearch.FOR$0                                Parent Table: linearSearch                                      
		Name                     Type                     Initial Value       Size           Offset         Nested
------------------------------------------------------------------------------------------------------------------------------------------------------
		i                        int                      0                   4              0              NULL
		t0                       int                      0                   4              4              NULL
		t1                       int                      -                   4              8              NULL
		t2                       int                      -                   4              12             NULL
		t3                       int                      -                   4              16             NULL
		linearSearch.FOR$0.FOR$1 block                    -                   4              20             linearSearch.FOR$0.FOR$1
------------------------------------------------------------------------------------------------------------------------------------------------------

------------------------------------------------------------------------------------------------------------------------------------------------------
		Symbol Table: linearSearch.FOR$0.FOR$1                          Parent Table: linearSearch.FOR$0                                
		Name                     Type                     Initial Value       Size           Offset         Nested
------------------------------------------------------------------------------------------------------------------------------------------------------
		t0                       int                      -                   4              0              NULL
------------------------------------------------------------------------------------------------------------------------------------------------------

------------------------------------------------------------------------------------------------------------------------------------------------------
		Symbol Table: main                                              Parent Table: Global                                            
		Name                     Type                     Initial Value       Size           Offset         Nested
------------------------------------------------------------------------------------------------------------------------------------------------------
		return                   int                      -                   4              0              NULL
		f                        float                    2.3                 8              4              NULL
		t0                       float                    2.3                 8              12             NULL
		arr                      arr(0, int)              -                   0              20             NULL
		t1                       int                      1                   4              20             NULL
		t2                       int                      2                   4              24             NULL
		t3                       int                      3                   4              28             NULL
		t4                       int                      4                   4              32             NULL
		t5                       int                      5                   4              36             NULL
		printf                   int                      -                   4              40             NULL
		t6                       ptr(char)                "%d"                4              44             NULL
		t7                       int                      5                   4              48             NULL
		t8                       int                      3                   4              52             NULL
		t9                       int                      -                   4              56             NULL
		t10                      int                      -                   4              60             NULL
		t11                      int                      0                   4              64             NULL
------------------------------------------------------------------------------------------------------------------------------------------------------

