THREE ADDRESS CODE (TAC):
		
		0   : findMin3: 
		1   :    if a > b goto 4
		2   :    goto 12
		3   :    goto 19
		
		4   : findMin3.$0: 
		5   :    if b > c goto 8
		6   :    goto 10
		7   :    goto 11
		8   :    return c
		9   :    goto 19
		10  :    return b
		11  :    goto 19
		
		12  : findMin3.$1: 
		13  :    if a < c goto 16
		14  :    goto 18
		15  :    goto 19
		16  :    return a
		17  :    goto 19
		18  :    return c
		19  :    t0 = 1
		20  :    t1 = -t0
		21  :    return t1
		
		22  : fibonacci: 
		23  :    t0 = 1
		24  :    if n <= t0 goto 27
		25  :    goto 29
		26  :    goto 29
		27  :    return n
		28  :    goto 29
		29  :    t1 = 1
		30  :    t2 = n - t1
		31  :    param t2
		32  :    t3 = call fibonacci, 1
		33  :    t4 = 2
		34  :    t5 = n - t4
		35  :    param t5
		36  :    t6 = call fibonacci, 1
		37  :    t7 = t3 + t6
		38  :    return t7
		
		39  : main: 
		40  :    t0 = 5
		41  :    a = t0
		42  :    t1 = 6
		43  :    b = t1
		44  :    t2 = 3
		45  :    c = t2
		46  :    param t3
		47  :    param a
		48  :    param b
		49  :    param c
		50  :    t4 = call findMin3, 3
		51  :    param t4
		52  :    t5 = call printf, 2
		53  :    param t6
		54  :    t7 = 5
		55  :    param t7
		56  :    t8 = call fibonacci, 1
		57  :    param t8
		58  :    t9 = call printf, 2
		59  :    t10 = 0
		60  :    return t10

------------------------------------------------------------------------------------------------------------------------------------------------------
		Symbol Table: Global                                            Parent Table: NULL                                              
		Name                     Type                     Initial Value       Size           Offset         Nested
------------------------------------------------------------------------------------------------------------------------------------------------------
		findMin3                 int                      -                   4              0              findMin3
		fibonacci                int                      -                   4              4              fibonacci
		main                     int                      -                   4              8              main
------------------------------------------------------------------------------------------------------------------------------------------------------

------------------------------------------------------------------------------------------------------------------------------------------------------
		Symbol Table: findMin3                                          Parent Table: Global                                            
		Name                     Type                     Initial Value       Size           Offset         Nested
------------------------------------------------------------------------------------------------------------------------------------------------------
		a                        int                      -                   4              0              NULL
		b                        int                      -                   4              4              NULL
		c                        int                      -                   4              8              NULL
		return                   int                      -                   4              12             NULL
		findMin3.$0              block                    -                   4              16             findMin3.$0
		findMin3.$1              block                    -                   4              20             findMin3.$1
		t0                       int                      1                   4              24             NULL
		t1                       int                      -                   4              28             NULL
------------------------------------------------------------------------------------------------------------------------------------------------------

------------------------------------------------------------------------------------------------------------------------------------------------------
		Symbol Table: findMin3.$0                                       Parent Table: findMin3                                          
		Name                     Type                     Initial Value       Size           Offset         Nested
------------------------------------------------------------------------------------------------------------------------------------------------------
------------------------------------------------------------------------------------------------------------------------------------------------------

------------------------------------------------------------------------------------------------------------------------------------------------------
		Symbol Table: findMin3.$1                                       Parent Table: findMin3                                          
		Name                     Type                     Initial Value       Size           Offset         Nested
------------------------------------------------------------------------------------------------------------------------------------------------------
------------------------------------------------------------------------------------------------------------------------------------------------------

------------------------------------------------------------------------------------------------------------------------------------------------------
		Symbol Table: fibonacci                                         Parent Table: Global                                            
		Name                     Type                     Initial Value       Size           Offset         Nested
------------------------------------------------------------------------------------------------------------------------------------------------------
		n                        int                      -                   4              0              NULL
		return                   int                      -                   4              4              NULL
		t0                       int                      1                   4              8              NULL
		t1                       int                      1                   4              12             NULL
		t2                       int                      -                   4              16             NULL
		t3                       int                      -                   4              20             NULL
		t4                       int                      2                   4              24             NULL
		t5                       int                      -                   4              28             NULL
		t6                       int                      -                   4              32             NULL
		t7                       int                      -                   4              36             NULL
------------------------------------------------------------------------------------------------------------------------------------------------------

------------------------------------------------------------------------------------------------------------------------------------------------------
		Symbol Table: main                                              Parent Table: Global                                            
		Name                     Type                     Initial Value       Size           Offset         Nested
------------------------------------------------------------------------------------------------------------------------------------------------------
		return                   int                      -                   4              0              NULL
		a                        int                      5                   4              4              NULL
		t0                       int                      5                   4              8              NULL
		b                        int                      6                   4              12             NULL
		t1                       int                      6                   4              16             NULL
		c                        int                      3                   4              20             NULL
		t2                       int                      3                   4              24             NULL
		printf                   int                      -                   4              28             NULL
		t3                       ptr(char)                "%d\n"              4              32             NULL
		t4                       int                      -                   4              36             NULL
		t5                       int                      -                   4              40             NULL
		t6                       ptr(char)                "%d\n"              4              44             NULL
		t7                       int                      5                   4              48             NULL
		t8                       int                      -                   4              52             NULL
		t9                       int                      -                   4              56             NULL
		t10                      int                      0                   4              60             NULL
------------------------------------------------------------------------------------------------------------------------------------------------------

