THREE ADDRESS CODE (TAC):
		
		0   : findSum: 
		1   :    t0 = x + y
		2   :    z = t0
		3   :    return z
		
		4   : printArray: 
		
		5   : printArray.FOR$0: 
		6   :    t0 = 0
		7   :    i = t0
		8   :    if i < n goto 13
		9   :    goto 19
		10  :    t1 = i
		11  :    i = i + 1
		12  :    goto 8
		13  :    param t2
		14  :    t3 = i * 4
		15  :    t4 = a[t3]
		16  :    param t4
		17  :    t5 = call printf, 2
		18  :    goto 10
		19  :    param t0
		20  :    t1 = call printf, 1
		
		21  : findMinArray: 
		22  :    t0 = 1000000
		23  :    minelem = t0
		
		24  : findMinArray.FOR$0: 
		25  :    t0 = 0
		26  :    i = t0
		27  :    if i < n goto 32
		28  :    goto 42
		29  :    t1 = i
		30  :    i = i + 1
		31  :    goto 27
		32  :    t2 = i * 4
		33  :    t3 = a[t2]
		34  :    if t3 < minelem goto 37
		35  :    goto 29
		36  :    goto 41
		37  :    t4 = i * 4
		38  :    t5 = a[t4]
		39  :    minelem = t5
		40  :    goto 29
		41  :    goto 29
		42  :    return minelem
		
		43  : main: 
		44  :    t0 = 3
		45  :    t1 = 0
		46  :    t2 = t1 * 4
		47  :    t3 = 5
		48  :    a[t2] = t3
		49  :    t5 = 1
		50  :    t6 = t5 * 4
		51  :    t7 = 7
		52  :    a[t6] = t7
		53  :    t9 = 2
		54  :    t10 = t9 * 4
		55  :    t11 = 0
		56  :    t12 = t11 * 4
		57  :    t13 = a[t12]
		58  :    param t13
		59  :    t14 = 1
		60  :    t15 = t14 * 4
		61  :    t16 = a[t15]
		62  :    param t16
		63  :    t17 = call findSum, 2
		64  :    a[t10] = t17
		65  :    param a
		66  :    t19 = 3
		67  :    param t19
		68  :    t20 = call printArray, 2
		69  :    param a
		70  :    t21 = 3
		71  :    param t21
		72  :    t22 = call findMinArray, 2
		73  :    param t23
		74  :    t24 = 0
		75  :    t25 = t24 * 4
		76  :    t26 = a[t25]
		77  :    param t26
		78  :    t27 = 1
		79  :    t28 = t27 * 4
		80  :    t29 = a[t28]
		81  :    param t29
		82  :    t30 = 2
		83  :    t31 = t30 * 4
		84  :    t32 = a[t31]
		85  :    param t32
		86  :    t33 = call findMin3, 3
		87  :    param t33
		88  :    t34 = call printf, 2
		89  :    t35 = 0
		90  :    return t35

------------------------------------------------------------------------------------------------------------------------------------------------------
		Symbol Table: Global                                            Parent Table: NULL                                              
		Name                     Type                     Initial Value       Size           Offset         Nested
------------------------------------------------------------------------------------------------------------------------------------------------------
		findSum                  int                      -                   4              0              findSum
		printArray               void                     -                   0              4              printArray
		findMinArray             int                      -                   4              4              findMinArray
		main                     int                      -                   4              8              main
------------------------------------------------------------------------------------------------------------------------------------------------------

------------------------------------------------------------------------------------------------------------------------------------------------------
		Symbol Table: findSum                                           Parent Table: Global                                            
		Name                     Type                     Initial Value       Size           Offset         Nested
------------------------------------------------------------------------------------------------------------------------------------------------------
		x                        int                      -                   4              0              NULL
		y                        int                      -                   4              4              NULL
		return                   int                      -                   4              8              NULL
		z                        int                      -                   4              12             NULL
		t0                       int                      -                   4              16             NULL
------------------------------------------------------------------------------------------------------------------------------------------------------

------------------------------------------------------------------------------------------------------------------------------------------------------
		Symbol Table: printArray                                        Parent Table: Global                                            
		Name                     Type                     Initial Value       Size           Offset         Nested
------------------------------------------------------------------------------------------------------------------------------------------------------
		a                        arr(0, int)              -                   0              0              NULL
		n                        int                      -                   4              0              NULL
		printArray.FOR$0         block                    -                   4              4              printArray.FOR$0
		printf                   int                      -                   4              8              NULL
		t0                       ptr(char)                "\n"                4              12             NULL
		t1                       int                      -                   4              16             NULL
------------------------------------------------------------------------------------------------------------------------------------------------------

------------------------------------------------------------------------------------------------------------------------------------------------------
		Symbol Table: printArray.FOR$0                                  Parent Table: printArray                                        
		Name                     Type                     Initial Value       Size           Offset         Nested
------------------------------------------------------------------------------------------------------------------------------------------------------
		i                        int                      0                   4              0              NULL
		t0                       int                      0                   4              4              NULL
		t1                       int                      -                   4              8              NULL
		printf                   int                      -                   4              12             NULL
		t2                       ptr(char)                "%d "               4              16             NULL
		t3                       int                      -                   4              20             NULL
		t4                       int                      -                   4              24             NULL
		t5                       int                      -                   4              28             NULL
------------------------------------------------------------------------------------------------------------------------------------------------------

------------------------------------------------------------------------------------------------------------------------------------------------------
		Symbol Table: findMinArray                                      Parent Table: Global                                            
		Name                     Type                     Initial Value       Size           Offset         Nested
------------------------------------------------------------------------------------------------------------------------------------------------------
		a                        arr(0, int)              -                   0              0              NULL
		n                        int                      -                   4              0              NULL
		return                   int                      -                   4              4              NULL
		minelem                  int                      1000000             4              8              NULL
		t0                       int                      1000000             4              12             NULL
		findMinArray.FOR$0       block                    -                   4              16             findMinArray.FOR$0
------------------------------------------------------------------------------------------------------------------------------------------------------

------------------------------------------------------------------------------------------------------------------------------------------------------
		Symbol Table: findMinArray.FOR$0                                Parent Table: findMinArray                                      
		Name                     Type                     Initial Value       Size           Offset         Nested
------------------------------------------------------------------------------------------------------------------------------------------------------
		i                        int                      0                   4              0              NULL
		t0                       int                      0                   4              4              NULL
		t1                       int                      -                   4              8              NULL
		t2                       int                      -                   4              12             NULL
		t3                       int                      -                   4              16             NULL
		t4                       int                      -                   4              20             NULL
		t5                       int                      -                   4              24             NULL
		t6                       int                      -                   4              28             NULL
------------------------------------------------------------------------------------------------------------------------------------------------------

------------------------------------------------------------------------------------------------------------------------------------------------------
		Symbol Table: main                                              Parent Table: Global                                            
		Name                     Type                     Initial Value       Size           Offset         Nested
------------------------------------------------------------------------------------------------------------------------------------------------------
		return                   int                      -                   4              0              NULL
		a                        arr(3, int)              -                   12             4              NULL
		t0                       int                      3                   4              16             NULL
		t1                       int                      0                   4              20             NULL
		t2                       int                      -                   4              24             NULL
		t3                       int                      5                   4              28             NULL
		t4                       int                      -                   4              32             NULL
		t5                       int                      1                   4              36             NULL
		t6                       int                      -                   4              40             NULL
		t7                       int                      7                   4              44             NULL
		t8                       int                      -                   4              48             NULL
		t9                       int                      2                   4              52             NULL
		t10                      int                      -                   4              56             NULL
		t11                      int                      0                   4              60             NULL
		t12                      int                      -                   4              64             NULL
		t13                      int                      -                   4              68             NULL
		t14                      int                      1                   4              72             NULL
		t15                      int                      -                   4              76             NULL
		t16                      int                      -                   4              80             NULL
		t17                      int                      -                   4              84             NULL
		t18                      int                      -                   4              88             NULL
		t19                      int                      3                   4              92             NULL
		t20                      void                     -                   0              96             NULL
		t21                      int                      3                   4              96             NULL
		t22                      int                      -                   4              100            NULL
		printf                   int                      -                   4              104            NULL
		t23                      ptr(char)                "%d\n"              4              108            NULL
		findMin3                 int                      -                   4              112            NULL
		t24                      int                      0                   4              116            NULL
		t25                      int                      -                   4              120            NULL
		t26                      int                      -                   4              124            NULL
		t27                      int                      1                   4              128            NULL
		t28                      int                      -                   4              132            NULL
		t29                      int                      -                   4              136            NULL
		t30                      int                      2                   4              140            NULL
		t31                      int                      -                   4              144            NULL
		t32                      int                      -                   4              148            NULL
		t33                      int                      -                   4              152            NULL
		t34                      int                      -                   4              156            NULL
		t35                      int                      0                   4              160            NULL
------------------------------------------------------------------------------------------------------------------------------------------------------

