THREE ADDRESS CODE (TAC):
		0   :    t0 = 3
		1   :    i = t0
		
		2   : dist: 
		3   :    t0 = 3.5
		4   :    t1 = int2float(i)
		5   :    t2 = t1 * t0
		6   :    t3 = 55.7
		7   :    t4 = t2 + t3
		8   :    t5 = t4 - f
		9   :    t6 = 2
		10  :    t7 = float2int(t5)
		11  :    t8 = t7 / t6
		12  :    t9 = int2float(t8)
		13  :    f = t9
		14  :    return f
		
		15  : main: 
		16  :    t0 = 100
		17  :    t1 = '&'
		18  :    c = t1
		19  :    t2 = 69
		20  :    a = t2
		21  :    t3 = 96
		22  :    b = t3
		23  :    t4 = 37
		24  :    t5 = 20
		25  :    param f
		26  :    t6 = call dist, 1
		27  :    o = t6
		28  :    t7 = 4
		29  :    t8 = a << t7
		30  :    b = t8
		31  :    t10 = 3
		32  :    t11 = a >> t10
		33  :    a = t11
		34  :    t13 = a + b
		35  :    a = t13
		36  :    t15 = a - b
		37  :    a = t15
		38  :    t17 = a * b
		39  :    a = t17
		40  :    t19 = a / b
		41  :    a = t19
		42  :    t21 = a % b
		43  :    a = t21
		44  :    t23 = a | b
		45  :    a = t23
		46  :    t25 = a & b
		47  :    a = t25
		48  :    t27 = -a
		49  :    a = t27
		50  :    a = a

------------------------------------------------------------------------------------------------------------------------------------------------------
		Symbol Table: Global                                            Parent Table: NULL                                              
		Name                     Type                     Initial Value       Size           Offset         Nested
------------------------------------------------------------------------------------------------------------------------------------------------------
		f                        float                    -                   8              0              NULL
		i                        int                      3                   4              8              NULL
		t0                       int                      3                   4              12             NULL
		p                        ptr(int)                 -                   4              16             NULL
		F                        float                    -                   8              20             NULL
		dist                     int                      -                   4              28             dist
		main                     int                      -                   4              32             main
------------------------------------------------------------------------------------------------------------------------------------------------------

------------------------------------------------------------------------------------------------------------------------------------------------------
		Symbol Table: dist                                              Parent Table: Global                                            
		Name                     Type                     Initial Value       Size           Offset         Nested
------------------------------------------------------------------------------------------------------------------------------------------------------
		f                        float                    -                   8              0              NULL
		return                   int                      -                   4              8              NULL
		t0                       float                    3.5                 8              12             NULL
		t1                       float                    -                   8              20             NULL
		t2                       float                    -                   8              28             NULL
		t3                       float                    55.7                8              36             NULL
		t4                       float                    -                   8              44             NULL
		t5                       float                    -                   8              52             NULL
		t6                       int                      2                   4              60             NULL
		t7                       int                      -                   4              64             NULL
		t8                       int                      -                   4              68             NULL
		t9                       float                    -                   8              72             NULL
------------------------------------------------------------------------------------------------------------------------------------------------------

------------------------------------------------------------------------------------------------------------------------------------------------------
		Symbol Table: main                                              Parent Table: Global                                            
		Name                     Type                     Initial Value       Size           Offset         Nested
------------------------------------------------------------------------------------------------------------------------------------------------------
		return                   int                      -                   4              0              NULL
		w                        arr(100, char)           -                   100            4              NULL
		t0                       int                      100                 4              104            NULL
		c                        char                     '&'                 1              108            NULL
		t1                       float                    '&'                 8              109            NULL
		a                        int                      69                  4              117            NULL
		t2                       int                      69                  4              121            NULL
		b                        int                      96                  4              125            NULL
		t3                       int                      96                  4              129            NULL
		g                        arr(37, arr(20, int))    -                   2960           133            NULL
		t4                       int                      37                  4              3093           NULL
		t5                       int                      20                  4              3097           NULL
		o                        float                    -                   8              3101           NULL
		t6                       int                      -                   4              3109           NULL
		t7                       int                      4                   4              3113           NULL
		t8                       int                      -                   4              3117           NULL
		t9                       int                      -                   4              3121           NULL
		t10                      int                      3                   4              3125           NULL
		t11                      int                      -                   4              3129           NULL
		t12                      int                      -                   4              3133           NULL
		t13                      int                      -                   4              3137           NULL
		t14                      int                      -                   4              3141           NULL
		t15                      int                      -                   4              3145           NULL
		t16                      int                      -                   4              3149           NULL
		t17                      int                      -                   4              3153           NULL
		t18                      int                      -                   4              3157           NULL
		t19                      int                      -                   4              3161           NULL
		t20                      int                      -                   4              3165           NULL
		t21                      int                      -                   4              3169           NULL
		t22                      int                      -                   4              3173           NULL
		t23                      int                      -                   4              3177           NULL
		t24                      int                      -                   4              3181           NULL
		t25                      int                      -                   4              3185           NULL
		t26                      int                      -                   4              3189           NULL
		t27                      int                      -                   4              3193           NULL
		t28                      int                      -                   4              3197           NULL
		t29                      int                      -                   4              3201           NULL
------------------------------------------------------------------------------------------------------------------------------------------------------

