THREE ADDRESS CODE (TAC):
		0   :    t0 = 5
		1   :    t1 = 5
		
		2   : checkPrime: 
		3   :    t0 = 2
		4   :    i = t0
		
		5   : checkPrime.WHILE$0: 
		6   :    t0 = i * i
		7   :    if t0 <= n goto 9
		8   :    goto 20
		9   :    t1 = n % i
		10  :    t2 = 0
		11  :    if t1 == t2 goto 14
		12  :    goto 17
		13  :    goto 17
		14  :    t3 = 0
		15  :    return t3
		16  :    goto 17
		17  :    t4 = i
		18  :    i = i + 1
		19  :    goto 6
		20  :    t1 = 1
		21  :    return t1
		
		22  : build2darray: 
		
		23  : build2darray.FOR$0: 
		24  :    t0 = 0
		25  :    i = t0
		26  :    t1 = 5
		27  :    if i < t1 goto 32
		28  :    goto 
		29  :    t2 = i
		30  :    i = i + 1
		31  :    goto 26
		
		32  : build2darray.FOR$0.FOR$1: 
		33  :    t0 = 0
		34  :    j = t0
		35  :    t1 = 5
		36  :    if j < t1 goto 41
		37  :    goto 29
		38  :    t2 = j
		39  :    j = j + 1
		40  :    goto 35
		41  :    t3 = i * 20
		42  :    t5 = j * 4
		43  :    t4 = t3 + t5
		44  :    t6 = 1
		45  :    a[t4] = t6
		46  :    goto 38
		47  :    goto 29
		
		48  : main: 
		49  :    t0 = call build2darray, 0
		50  :    t1 = 2
		51  :    n = t1
		52  :    param n
		53  :    t2 = call checkPrime, 1
		54  :    goto 59
		55  :    param t3
		56  :    param n
		57  :    t4 = call printf, 2
		58  :    goto 61
		59  :    if 0 ==  goto 61
		60  :    goto 55
		61  :    t5 = n
		62  :    n = n + 1
		63  :    t6 = 100
		64  :    if n <= t6 goto 52
		65  :    goto 

------------------------------------------------------------------------------------------------------------------------------------------------------
		Symbol Table: Global                                            Parent Table: NULL                                              
		Name                     Type                     Initial Value       Size           Offset         Nested
------------------------------------------------------------------------------------------------------------------------------------------------------
		a                        arr(5, arr(5, int))      -                   100            0              NULL
		t0                       int                      5                   4              100            NULL
		t1                       int                      5                   4              104            NULL
		checkPrime               int                      -                   4              108            checkPrime
		build2darray             void                     -                   0              112            build2darray
		main                     int                      -                   4              112            main
------------------------------------------------------------------------------------------------------------------------------------------------------

------------------------------------------------------------------------------------------------------------------------------------------------------
		Symbol Table: checkPrime                                        Parent Table: Global                                            
		Name                     Type                     Initial Value       Size           Offset         Nested
------------------------------------------------------------------------------------------------------------------------------------------------------
		n                        int                      -                   4              0              NULL
		return                   int                      -                   4              4              NULL
		i                        int                      2                   4              8              NULL
		t0                       int                      2                   4              12             NULL
		checkPrime.WHILE$0       block                    -                   4              16             checkPrime.WHILE$0
		t1                       int                      1                   4              20             NULL
------------------------------------------------------------------------------------------------------------------------------------------------------

------------------------------------------------------------------------------------------------------------------------------------------------------
		Symbol Table: checkPrime.WHILE$0                                Parent Table: checkPrime                                        
		Name                     Type                     Initial Value       Size           Offset         Nested
------------------------------------------------------------------------------------------------------------------------------------------------------
		t0                       int                      -                   4              0              NULL
		t1                       int                      -                   4              4              NULL
		t2                       int                      0                   4              8              NULL
		t3                       int                      0                   4              12             NULL
		t4                       int                      -                   4              16             NULL
------------------------------------------------------------------------------------------------------------------------------------------------------

------------------------------------------------------------------------------------------------------------------------------------------------------
		Symbol Table: build2darray                                      Parent Table: Global                                            
		Name                     Type                     Initial Value       Size           Offset         Nested
------------------------------------------------------------------------------------------------------------------------------------------------------
		build2darray.FOR$0       block                    -                   4              0              build2darray.FOR$0
------------------------------------------------------------------------------------------------------------------------------------------------------

------------------------------------------------------------------------------------------------------------------------------------------------------
		Symbol Table: build2darray.FOR$0                                Parent Table: build2darray                                      
		Name                     Type                     Initial Value       Size           Offset         Nested
------------------------------------------------------------------------------------------------------------------------------------------------------
		i                        int                      0                   4              0              NULL
		t0                       int                      0                   4              4              NULL
		t1                       int                      5                   4              8              NULL
		t2                       int                      -                   4              12             NULL
		build2darray.FOR$0.FOR$1 block                    -                   4              16             build2darray.FOR$0.FOR$1
------------------------------------------------------------------------------------------------------------------------------------------------------

------------------------------------------------------------------------------------------------------------------------------------------------------
		Symbol Table: build2darray.FOR$0.FOR$1                          Parent Table: build2darray.FOR$0                                
		Name                     Type                     Initial Value       Size           Offset         Nested
------------------------------------------------------------------------------------------------------------------------------------------------------
		j                        int                      0                   4              0              NULL
		t0                       int                      0                   4              4              NULL
		t1                       int                      5                   4              8              NULL
		t2                       int                      -                   4              12             NULL
		t3                       int                      -                   4              16             NULL
		t4                       int                      -                   4              20             NULL
		t5                       int                      -                   4              24             NULL
		t6                       int                      1                   4              28             NULL
		t7                       int                      -                   4              32             NULL
------------------------------------------------------------------------------------------------------------------------------------------------------

------------------------------------------------------------------------------------------------------------------------------------------------------
		Symbol Table: main                                              Parent Table: Global                                            
		Name                     Type                     Initial Value       Size           Offset         Nested
------------------------------------------------------------------------------------------------------------------------------------------------------
		return                   int                      -                   4              0              NULL
		t0                       void                     -                   0              4              NULL
		n                        int                      2                   4              4              NULL
		t1                       int                      2                   4              8              NULL
		t2                       int                      -                   4              12             NULL
		printf                   int                      -                   4              16             NULL
		t3                       ptr(char)                "%d\n"              4              20             NULL
		t4                       int                      -                   4              24             NULL
		t5                       int                      -                   4              28             NULL
		t6                       int                      100                 4              32             NULL
------------------------------------------------------------------------------------------------------------------------------------------------------

